[
  {
    "level": "INFO",
    "message": "android.ndkVersion from module build.gradle is 21.2.6472646"
  },
  {
    "level": "INFO",
    "message": "ndk.dir in local.properties is not set"
  },
  {
    "level": "INFO",
    "message": "ANDROID_NDK_HOME environment variable is not set"
  },
  {
    "level": "INFO",
    "message": "sdkFolder is /home/nodog/Android/Sdk"
  },
  {
    "level": "INFO",
    "message": "Considering /home/nodog/Android/Sdk/ndk-bundle in SDK ndk-bundle folder"
  },
  {
    "level": "INFO",
    "message": "Considering /home/nodog/Android/Sdk/ndk/android-ndk-r11c-linux-x86_64 in SDK ndk folder"
  },
  {
    "level": "INFO",
    "message": "Considering /home/nodog/Android/Sdk/ndk/21.3.6528147 in SDK ndk folder"
  },
  {
    "level": "INFO",
    "message": "Considering /home/nodog/Android/Sdk/ndk/android-ndk-r17c-linux-x86_64 in SDK ndk folder"
  },
  {
    "level": "INFO",
    "message": "Considering /home/nodog/Android/Sdk/ndk/android-ndk-r21d-linux-x86_64 in SDK ndk folder"
  },
  {
    "level": "INFO",
    "message": "Rejected /home/nodog/Android/Sdk/ndk-bundle in SDK ndk-bundle folder because that location has no source.properties"
  },
  {
    "level": "INFO",
    "message": "Rejected /home/nodog/Android/Sdk/ndk/android-ndk-r11c-linux-x86_64 in SDK ndk folder because that location has no source.properties"
  },
  {
    "level": "INFO",
    "message": "Rejected /home/nodog/Android/Sdk/ndk/android-ndk-r17c-linux-x86_64 in SDK ndk folder because that location has no source.properties"
  },
  {
    "level": "INFO",
    "message": "Rejected /home/nodog/Android/Sdk/ndk/android-ndk-r21d-linux-x86_64 in SDK ndk folder because that location has no source.properties"
  },
  {
    "level": "INFO",
    "message": "Rejected /home/nodog/Android/Sdk/ndk/21.3.6528147 in SDK ndk folder because that NDK had version 21.3.6528147 which didn\u0027t match the requested version 21.2.6472646"
  },
  {
    "level": "ERROR",
    "message": "No version of NDK matched the requested version 21.2.6472646. Versions available locally: 21.3.6528147"
  }
]